<?xml version="1.0" encoding="UTF-8"?>
<!-- Generated by org.testng.reporters.JUnitReportReporter -->
<testsuite hostname="Lakshmikanth_P" failures="0" tests="1" name="testCases.TC1_Register" time="3.247" errors="0" timestamp="2025-02-21T15:38:57 IST" skipped="0">
  <testcase classname="testCases.TC1_Register" name="val_accountregister" time="3.247"/>
  <system-out/>
</testsuite> <!-- testCases.TC1_Register -->
