<?xml version="1.0" encoding="UTF-8"?>
<!-- Generated by org.testng.reporters.JUnitReportReporter -->
<testsuite hostname="Lakshmikanth_P" failures="0" tests="1" name="testCases.TC1_RegisterTest" time="2.295" errors="0" timestamp="2025-02-27T18:23:13 IST" skipped="0">
  <testcase classname="testCases.TC1_RegisterTest" name="val_accountregister" time="2.295"/>
  <system-out/>
</testsuite> <!-- testCases.TC1_RegisterTest -->
