<?xml version="1.0" encoding="UTF-8"?>
<!-- Generated by org.testng.reporters.JUnitReportReporter -->
<testsuite hostname="Lakshmikanth_P" failures="0" tests="1" name="testCases.TC4_AddtoCartTest" time="6.826" errors="0" timestamp="2025-03-04T12:05:16 IST" skipped="0">
  <testcase classname="testCases.TC4_AddtoCartTest" name="AddtoCart" time="6.826"/>
</testsuite> <!-- testCases.TC4_AddtoCartTest -->
