<?xml version="1.0" encoding="UTF-8"?>
<!-- Generated by org.testng.reporters.JUnitReportReporter -->
<testsuite hostname="Lakshmikanth_P" failures="0" tests="1" name="testCases.TC2_LoginTest" time="2.171" errors="0" timestamp="2025-03-02T10:09:59 IST" skipped="0">
  <testcase classname="testCases.TC2_LoginTest" name="login_myAccount" time="2.171"/>
</testsuite> <!-- testCases.TC2_LoginTest -->
